2016-04-13 14:40:07 [com.hts.xyl.test.TestClass:16] - debug
2016-04-13 17:34:32 [org.apache.shiro.spring.LifecycleBeanPostProcessor:86] - Initializing bean [cacheManager]...
2016-04-13 17:34:32 [org.apache.shiro.cache.ehcache.EhCacheManager:206] - cacheManager property not set.  Constructing CacheManager instance... 
2016-04-13 17:34:32 [org.apache.shiro.io.ResourceUtils:159] - Opening resource from class path [ehcache.xml]
2016-04-13 17:34:32 [net.sf.ehcache.config.ConfigurationFactory:148] - Configuring ehcache from InputStream
2016-04-13 17:34:33 [net.sf.ehcache.config.DiskStoreConfiguration:141] - Disk Store Path: C:\Users\HONGTA~1\AppData\Local\Temp\
2016-04-13 17:34:33 [net.sf.ehcache.util.PropertyUtil:88] - propertiesString is null.
2016-04-13 17:34:33 [net.sf.ehcache.config.ConfigurationHelper:185] - No CacheManagerEventListenerFactory class specified. Skipping...
2016-04-13 17:34:33 [net.sf.ehcache.Cache:968] - No BootstrapCacheLoaderFactory class specified. Skipping...
2016-04-13 17:34:33 [net.sf.ehcache.Cache:942] - CacheWriter factory not configured. Skipping...
2016-04-13 17:34:33 [net.sf.ehcache.config.ConfigurationHelper:96] - No CacheExceptionHandlerFactory class specified. Skipping...
2016-04-13 17:34:33 [net.sf.ehcache.Cache:968] - No BootstrapCacheLoaderFactory class specified. Skipping...
2016-04-13 17:34:33 [net.sf.ehcache.Cache:942] - CacheWriter factory not configured. Skipping...
2016-04-13 17:34:33 [net.sf.ehcache.config.ConfigurationHelper:96] - No CacheExceptionHandlerFactory class specified. Skipping...
2016-04-13 17:34:33 [net.sf.ehcache.Cache:968] - No BootstrapCacheLoaderFactory class specified. Skipping...
2016-04-13 17:34:33 [net.sf.ehcache.Cache:942] - CacheWriter factory not configured. Skipping...
2016-04-13 17:34:33 [net.sf.ehcache.config.ConfigurationHelper:96] - No CacheExceptionHandlerFactory class specified. Skipping...
2016-04-13 17:34:33 [net.sf.ehcache.Cache:968] - No BootstrapCacheLoaderFactory class specified. Skipping...
2016-04-13 17:34:33 [net.sf.ehcache.Cache:942] - CacheWriter factory not configured. Skipping...
2016-04-13 17:34:33 [net.sf.ehcache.config.ConfigurationHelper:96] - No CacheExceptionHandlerFactory class specified. Skipping...
2016-04-13 17:34:33 [net.sf.ehcache.store.MemoryStore:153] - Initialized net.sf.ehcache.store.NotifyingMemoryStore for passwordRetryCache
2016-04-13 17:34:33 [net.sf.ehcache.Cache:1165] - Initialised cache: passwordRetryCache
2016-04-13 17:34:33 [net.sf.ehcache.config.ConfigurationHelper:332] - CacheDecoratorFactory not configured. Skipping for 'passwordRetryCache'.
2016-04-13 17:34:33 [net.sf.ehcache.config.ConfigurationHelper:361] - CacheDecoratorFactory not configured for defaultCache. Skipping for 'passwordRetryCache'.
2016-04-13 17:34:33 [net.sf.ehcache.store.MemoryStore:153] - Initialized net.sf.ehcache.store.NotifyingMemoryStore for authorizationCache
2016-04-13 17:34:33 [net.sf.ehcache.Cache:1165] - Initialised cache: authorizationCache
2016-04-13 17:34:33 [net.sf.ehcache.config.ConfigurationHelper:332] - CacheDecoratorFactory not configured. Skipping for 'authorizationCache'.
2016-04-13 17:34:33 [net.sf.ehcache.config.ConfigurationHelper:361] - CacheDecoratorFactory not configured for defaultCache. Skipping for 'authorizationCache'.
2016-04-13 17:34:33 [net.sf.ehcache.store.MemoryStore:153] - Initialized net.sf.ehcache.store.NotifyingMemoryStore for authenticationCache
2016-04-13 17:34:33 [net.sf.ehcache.Cache:1165] - Initialised cache: authenticationCache
2016-04-13 17:34:33 [net.sf.ehcache.config.ConfigurationHelper:332] - CacheDecoratorFactory not configured. Skipping for 'authenticationCache'.
2016-04-13 17:34:33 [net.sf.ehcache.config.ConfigurationHelper:361] - CacheDecoratorFactory not configured for defaultCache. Skipping for 'authenticationCache'.
2016-04-13 17:34:33 [net.sf.ehcache.store.MemoryStore:153] - Initialized net.sf.ehcache.store.NotifyingMemoryStore for shiro-activeSessionCache
2016-04-13 17:34:33 [net.sf.ehcache.Cache:1165] - Initialised cache: shiro-activeSessionCache
2016-04-13 17:34:33 [net.sf.ehcache.config.ConfigurationHelper:332] - CacheDecoratorFactory not configured. Skipping for 'shiro-activeSessionCache'.
2016-04-13 17:34:33 [net.sf.ehcache.config.ConfigurationHelper:361] - CacheDecoratorFactory not configured for defaultCache. Skipping for 'shiro-activeSessionCache'.
2016-04-13 17:34:33 [org.apache.shiro.cache.ehcache.EhCacheManager:219] - implicit cacheManager created successfully.
2016-04-13 17:34:33 [org.apache.shiro.spring.LifecycleBeanPostProcessor:86] - Initializing bean [userRealm]...
2016-04-13 17:34:33 [org.apache.shiro.realm.AuthorizingRealm:234] - No authorizationCache instance set.  Checking for a cacheManager...
2016-04-13 17:34:33 [org.apache.shiro.realm.AuthenticatingRealm:461] - CacheManager [org.apache.shiro.cache.ehcache.EhCacheManager@57330665] configured.  Building authentication cache 'authenticationCache'
2016-04-13 17:34:33 [org.apache.shiro.realm.AuthorizingRealm:234] - No authorizationCache instance set.  Checking for a cacheManager...
2016-04-13 17:34:33 [org.apache.shiro.realm.AuthorizingRealm:242] - CacheManager [org.apache.shiro.cache.ehcache.EhCacheManager@57330665] has been configured.  Building authorization cache named [authorizationCache]
2016-04-13 17:34:34 [net.sf.ehcache.util.UpdateChecker:68] - Checking for update...
2016-04-13 17:34:34 [org.apache.shiro.spring.LifecycleBeanPostProcessor:118] - Destroying bean [securityManager]...
2016-04-13 17:34:34 [org.apache.shiro.session.mgt.quartz.QuartzSessionValidationScheduler:188] - Stopping Quartz session validation job...
2016-04-13 17:34:34 [org.apache.shiro.session.mgt.quartz.QuartzSessionValidationScheduler:212] - Quartz session validation job stopped successfully.
2016-04-13 17:34:34 [org.apache.shiro.spring.LifecycleBeanPostProcessor:118] - Destroying bean [sessionManager]...
2016-04-13 17:34:34 [org.apache.shiro.spring.LifecycleBeanPostProcessor:118] - Destroying bean [cacheManager]...
2016-04-13 17:35:41 [org.apache.shiro.spring.LifecycleBeanPostProcessor:86] - Initializing bean [cacheManager]...
2016-04-13 17:35:41 [org.apache.shiro.cache.ehcache.EhCacheManager:206] - cacheManager property not set.  Constructing CacheManager instance... 
2016-04-13 17:35:41 [org.apache.shiro.io.ResourceUtils:159] - Opening resource from class path [ehcache.xml]
2016-04-13 17:35:41 [net.sf.ehcache.config.ConfigurationFactory:148] - Configuring ehcache from InputStream
2016-04-13 17:35:41 [net.sf.ehcache.config.DiskStoreConfiguration:141] - Disk Store Path: C:\Users\HONGTA~1\AppData\Local\Temp\
2016-04-13 17:35:41 [net.sf.ehcache.util.PropertyUtil:88] - propertiesString is null.
2016-04-13 17:35:41 [net.sf.ehcache.config.ConfigurationHelper:185] - No CacheManagerEventListenerFactory class specified. Skipping...
2016-04-13 17:35:42 [net.sf.ehcache.Cache:968] - No BootstrapCacheLoaderFactory class specified. Skipping...
2016-04-13 17:35:42 [net.sf.ehcache.Cache:942] - CacheWriter factory not configured. Skipping...
2016-04-13 17:35:42 [net.sf.ehcache.config.ConfigurationHelper:96] - No CacheExceptionHandlerFactory class specified. Skipping...
2016-04-13 17:35:42 [net.sf.ehcache.Cache:968] - No BootstrapCacheLoaderFactory class specified. Skipping...
2016-04-13 17:35:42 [net.sf.ehcache.Cache:942] - CacheWriter factory not configured. Skipping...
2016-04-13 17:35:42 [net.sf.ehcache.config.ConfigurationHelper:96] - No CacheExceptionHandlerFactory class specified. Skipping...
2016-04-13 17:35:42 [net.sf.ehcache.Cache:968] - No BootstrapCacheLoaderFactory class specified. Skipping...
2016-04-13 17:35:42 [net.sf.ehcache.Cache:942] - CacheWriter factory not configured. Skipping...
2016-04-13 17:35:42 [net.sf.ehcache.config.ConfigurationHelper:96] - No CacheExceptionHandlerFactory class specified. Skipping...
2016-04-13 17:35:42 [net.sf.ehcache.Cache:968] - No BootstrapCacheLoaderFactory class specified. Skipping...
2016-04-13 17:35:42 [net.sf.ehcache.Cache:942] - CacheWriter factory not configured. Skipping...
2016-04-13 17:35:42 [net.sf.ehcache.config.ConfigurationHelper:96] - No CacheExceptionHandlerFactory class specified. Skipping...
2016-04-13 17:35:42 [net.sf.ehcache.store.MemoryStore:153] - Initialized net.sf.ehcache.store.NotifyingMemoryStore for passwordRetryCache
2016-04-13 17:35:42 [net.sf.ehcache.Cache:1165] - Initialised cache: passwordRetryCache
2016-04-13 17:35:42 [net.sf.ehcache.config.ConfigurationHelper:332] - CacheDecoratorFactory not configured. Skipping for 'passwordRetryCache'.
2016-04-13 17:35:42 [net.sf.ehcache.config.ConfigurationHelper:361] - CacheDecoratorFactory not configured for defaultCache. Skipping for 'passwordRetryCache'.
2016-04-13 17:35:42 [net.sf.ehcache.store.MemoryStore:153] - Initialized net.sf.ehcache.store.NotifyingMemoryStore for authorizationCache
2016-04-13 17:35:42 [net.sf.ehcache.Cache:1165] - Initialised cache: authorizationCache
2016-04-13 17:35:42 [net.sf.ehcache.config.ConfigurationHelper:332] - CacheDecoratorFactory not configured. Skipping for 'authorizationCache'.
2016-04-13 17:35:42 [net.sf.ehcache.config.ConfigurationHelper:361] - CacheDecoratorFactory not configured for defaultCache. Skipping for 'authorizationCache'.
2016-04-13 17:35:42 [net.sf.ehcache.store.MemoryStore:153] - Initialized net.sf.ehcache.store.NotifyingMemoryStore for authenticationCache
2016-04-13 17:35:42 [net.sf.ehcache.Cache:1165] - Initialised cache: authenticationCache
2016-04-13 17:35:42 [net.sf.ehcache.config.ConfigurationHelper:332] - CacheDecoratorFactory not configured. Skipping for 'authenticationCache'.
2016-04-13 17:35:42 [net.sf.ehcache.config.ConfigurationHelper:361] - CacheDecoratorFactory not configured for defaultCache. Skipping for 'authenticationCache'.
2016-04-13 17:35:42 [net.sf.ehcache.store.MemoryStore:153] - Initialized net.sf.ehcache.store.NotifyingMemoryStore for shiro-activeSessionCache
2016-04-13 17:35:42 [net.sf.ehcache.Cache:1165] - Initialised cache: shiro-activeSessionCache
2016-04-13 17:35:42 [net.sf.ehcache.config.ConfigurationHelper:332] - CacheDecoratorFactory not configured. Skipping for 'shiro-activeSessionCache'.
2016-04-13 17:35:42 [net.sf.ehcache.config.ConfigurationHelper:361] - CacheDecoratorFactory not configured for defaultCache. Skipping for 'shiro-activeSessionCache'.
2016-04-13 17:35:42 [org.apache.shiro.cache.ehcache.EhCacheManager:219] - implicit cacheManager created successfully.
2016-04-13 17:35:42 [org.apache.shiro.spring.LifecycleBeanPostProcessor:86] - Initializing bean [userRealm]...
2016-04-13 17:35:42 [org.apache.shiro.realm.AuthorizingRealm:234] - No authorizationCache instance set.  Checking for a cacheManager...
2016-04-13 17:35:42 [org.apache.shiro.realm.AuthenticatingRealm:461] - CacheManager [org.apache.shiro.cache.ehcache.EhCacheManager@57330665] configured.  Building authentication cache 'authenticationCache'
2016-04-13 17:35:42 [org.apache.shiro.realm.AuthorizingRealm:234] - No authorizationCache instance set.  Checking for a cacheManager...
2016-04-13 17:35:42 [org.apache.shiro.realm.AuthorizingRealm:242] - CacheManager [org.apache.shiro.cache.ehcache.EhCacheManager@57330665] has been configured.  Building authorization cache named [authorizationCache]
2016-04-13 17:35:42 [net.sf.ehcache.util.UpdateChecker:68] - Checking for update...
2016-04-13 17:35:43 [net.sf.ehcache.Cache:2027] - authenticationCache cache - Miss
2016-04-13 17:35:43 [org.apache.shiro.realm.AuthenticatingRealm:569] - Looked up AuthenticationInfo [zhang] from doGetAuthenticationInfo
2016-04-13 17:35:43 [net.sf.ehcache.Cache:2027] - authenticationCache cache - Miss
2016-04-13 17:35:43 [net.sf.ehcache.Cache:2027] - passwordRetryCache cache - Miss
2016-04-13 17:35:43 [net.sf.ehcache.Cache:2027] - passwordRetryCache cache - Miss
2016-04-13 17:35:43 [org.apache.shiro.authc.credential.SimpleCredentialsMatcher:95] - Performing credentials equality check for tokenCredentials of type [org.apache.shiro.crypto.hash.SimpleHash and accountCredentials of type [org.apache.shiro.crypto.hash.SimpleHash]
2016-04-13 17:35:43 [org.apache.shiro.authc.credential.SimpleCredentialsMatcher:101] - Both credentials arguments can be easily converted to byte arrays.  Performing array equals comparison
2016-04-13 17:35:43 [net.sf.ehcache.Cache:2003] - Cache: passwordRetryCache store hit for zhang
2016-04-13 17:35:43 [org.apache.shiro.authc.AbstractAuthenticator:231] - Authentication successful for token [org.apache.shiro.authc.UsernamePasswordToken - zhang, rememberMe=false].  Returned account [zhang]
2016-04-13 17:35:43 [org.apache.shiro.subject.support.DefaultSubjectContext:102] - No SecurityManager available in subject context map.  Falling back to SecurityUtils.getSecurityManager() lookup.
2016-04-13 17:35:43 [org.apache.shiro.subject.support.DefaultSubjectContext:102] - No SecurityManager available in subject context map.  Falling back to SecurityUtils.getSecurityManager() lookup.
2016-04-13 17:35:43 [org.apache.shiro.session.mgt.quartz.QuartzSessionValidationScheduler:151] - Scheduling session validation job using Quartz with session validation interval of [1800000]ms...
2016-04-13 17:35:43 [org.apache.shiro.session.mgt.quartz.QuartzSessionValidationScheduler:170] - Successfully started implicitly created Quartz Scheduler instance.
2016-04-13 17:35:43 [org.apache.shiro.session.mgt.quartz.QuartzSessionValidationScheduler:176] - Session validation job successfully scheduled with Quartz.
2016-04-13 17:35:43 [org.apache.shiro.session.mgt.DefaultSessionManager:175] - Creating new EIS record for new session instance [org.apache.shiro.session.mgt.SimpleSession,id=null]
2016-04-13 17:35:43 [net.sf.ehcache.Cache:2027] - shiro-activeSessionCache cache - Miss
2016-04-13 17:35:43 [net.sf.ehcache.Cache:2003] - Cache: shiro-activeSessionCache store hit for 257ba94f-1291-41e0-9b9c-7348b2fcae58
2016-04-13 17:35:43 [net.sf.ehcache.Cache:2003] - Cache: shiro-activeSessionCache store hit for 257ba94f-1291-41e0-9b9c-7348b2fcae58
2016-04-13 17:35:43 [net.sf.ehcache.Cache:2003] - Cache: shiro-activeSessionCache store hit for 257ba94f-1291-41e0-9b9c-7348b2fcae58
2016-04-13 17:35:43 [net.sf.ehcache.Cache:2003] - Cache: shiro-activeSessionCache store hit for 257ba94f-1291-41e0-9b9c-7348b2fcae58
2016-04-13 17:35:43 [net.sf.ehcache.Cache:2003] - Cache: shiro-activeSessionCache store hit for 257ba94f-1291-41e0-9b9c-7348b2fcae58
2016-04-13 17:35:43 [net.sf.ehcache.Cache:2003] - Cache: shiro-activeSessionCache store hit for 257ba94f-1291-41e0-9b9c-7348b2fcae58
2016-04-13 17:35:43 [net.sf.ehcache.Cache:2003] - Cache: shiro-activeSessionCache store hit for 257ba94f-1291-41e0-9b9c-7348b2fcae58
2016-04-13 17:35:43 [net.sf.ehcache.Cache:2003] - Cache: shiro-activeSessionCache store hit for 257ba94f-1291-41e0-9b9c-7348b2fcae58
2016-04-13 17:35:43 [net.sf.ehcache.Cache:2027] - authorizationCache cache - Miss
2016-04-13 17:35:43 [org.apache.shiro.session.mgt.quartz.QuartzSessionValidationJob:77] - Executing session validation Quartz job...
2016-04-13 17:35:43 [net.sf.ehcache.Cache:2027] - authorizationCache cache - Miss
2016-04-13 17:35:43 [net.sf.ehcache.Cache:2003] - Cache: shiro-activeSessionCache store hit for 257ba94f-1291-41e0-9b9c-7348b2fcae58
2016-04-13 17:35:43 [net.sf.ehcache.Cache:2003] - Cache: shiro-activeSessionCache store hit for 257ba94f-1291-41e0-9b9c-7348b2fcae58
2016-04-13 17:35:43 [net.sf.ehcache.Cache:2003] - Cache: shiro-activeSessionCache store hit for 257ba94f-1291-41e0-9b9c-7348b2fcae58
2016-04-13 17:35:43 [net.sf.ehcache.Cache:2003] - Cache: authorizationCache store hit for zhang
2016-04-13 17:35:43 [org.apache.shiro.session.mgt.quartz.QuartzSessionValidationJob:83] - Session validation Quartz job complete.
2016-04-13 17:35:43 [net.sf.ehcache.Cache:2003] - Cache: shiro-activeSessionCache store hit for 257ba94f-1291-41e0-9b9c-7348b2fcae58
2016-04-13 17:35:43 [net.sf.ehcache.Cache:2003] - Cache: authenticationCache store hit for zhang
2016-04-13 17:35:43 [net.sf.ehcache.Cache:2003] - Cache: authorizationCache store hit for zhang
2016-04-13 17:35:43 [net.sf.ehcache.Cache:2003] - Cache: shiro-activeSessionCache store hit for 257ba94f-1291-41e0-9b9c-7348b2fcae58
2016-04-13 17:35:43 [net.sf.ehcache.Cache:2027] - authenticationCache cache - Miss
2016-04-13 17:35:43 [org.apache.shiro.realm.AuthenticatingRealm:569] - Looked up AuthenticationInfo [zhang] from doGetAuthenticationInfo
2016-04-13 17:35:43 [net.sf.ehcache.Cache:2027] - authenticationCache cache - Miss
2016-04-13 17:35:43 [net.sf.ehcache.Cache:2027] - passwordRetryCache cache - Miss
2016-04-13 17:35:43 [net.sf.ehcache.Cache:2027] - passwordRetryCache cache - Miss
2016-04-13 17:35:43 [org.apache.shiro.authc.credential.SimpleCredentialsMatcher:95] - Performing credentials equality check for tokenCredentials of type [org.apache.shiro.crypto.hash.SimpleHash and accountCredentials of type [org.apache.shiro.crypto.hash.SimpleHash]
2016-04-13 17:35:43 [org.apache.shiro.authc.credential.SimpleCredentialsMatcher:101] - Both credentials arguments can be easily converted to byte arrays.  Performing array equals comparison
2016-04-13 17:35:43 [net.sf.ehcache.Cache:2003] - Cache: passwordRetryCache store hit for zhang
2016-04-13 17:35:43 [org.apache.shiro.authc.AbstractAuthenticator:231] - Authentication successful for token [org.apache.shiro.authc.UsernamePasswordToken - zhang, rememberMe=false].  Returned account [zhang]
2016-04-13 17:35:43 [org.apache.shiro.subject.support.DefaultSubjectContext:102] - No SecurityManager available in subject context map.  Falling back to SecurityUtils.getSecurityManager() lookup.
2016-04-13 17:35:43 [org.apache.shiro.mgt.DefaultSecurityManager:436] - Context already contains a session.  Returning.
2016-04-13 17:35:43 [org.apache.shiro.subject.support.DefaultSubjectContext:102] - No SecurityManager available in subject context map.  Falling back to SecurityUtils.getSecurityManager() lookup.
2016-04-13 17:35:43 [net.sf.ehcache.Cache:2003] - Cache: shiro-activeSessionCache store hit for 257ba94f-1291-41e0-9b9c-7348b2fcae58
2016-04-13 17:35:43 [net.sf.ehcache.Cache:2003] - Cache: shiro-activeSessionCache store hit for 257ba94f-1291-41e0-9b9c-7348b2fcae58
2016-04-13 17:35:43 [net.sf.ehcache.Cache:2003] - Cache: shiro-activeSessionCache store hit for 257ba94f-1291-41e0-9b9c-7348b2fcae58
2016-04-13 17:35:43 [net.sf.ehcache.Cache:2003] - Cache: shiro-activeSessionCache store hit for 257ba94f-1291-41e0-9b9c-7348b2fcae58
2016-04-13 17:35:43 [net.sf.ehcache.Cache:2003] - Cache: shiro-activeSessionCache store hit for 257ba94f-1291-41e0-9b9c-7348b2fcae58
2016-04-13 17:35:43 [org.apache.shiro.spring.LifecycleBeanPostProcessor:118] - Destroying bean [securityManager]...
2016-04-13 17:35:43 [org.apache.shiro.session.mgt.quartz.QuartzSessionValidationScheduler:188] - Stopping Quartz session validation job...
2016-04-13 17:35:43 [org.apache.shiro.session.mgt.quartz.QuartzSessionValidationScheduler:212] - Quartz session validation job stopped successfully.
2016-04-13 17:35:43 [org.apache.shiro.spring.LifecycleBeanPostProcessor:118] - Destroying bean [sessionManager]...
2016-04-13 17:35:43 [org.apache.shiro.spring.LifecycleBeanPostProcessor:118] - Destroying bean [cacheManager]...
